[19:23:52] [Server thread/INFO]: Starting minecraft server version 1.14
[19:23:52] [Server thread/INFO]: Loading properties
[19:23:52] [Server thread/INFO]: This server is running CraftBukkit version git-Spigot-c8d4cef-1fee35b (MC: 1.14) (Implementing API version 1.14-R0.1-SNAPSHOT)
[19:23:52] [Server thread/INFO]: Debug logging is disabled
[19:23:52] [Server thread/INFO]: Server Ping Player Sample Count: 12
[19:23:52] [Server thread/INFO]: Using 4 threads for Netty based IO
[19:23:52] [Server thread/INFO]: Default game type: SURVIVAL
[19:23:52] [Server thread/INFO]: Generating keypair
[19:23:53] [Server thread/INFO]: Starting Minecraft server on 0.0.0.0:25571
[19:23:53] [Server thread/INFO]: Using default channel type
[19:23:57] [Server thread/INFO]: [WorldEdit] Loading WorldEdit v7.0.1;61bc012
[19:23:58] [Server thread/INFO]: Got request to register class com.sk89q.worldedit.bukkit.BukkitServerInterface with WorldEdit [com.sk89q.worldedit.extension.platform.PlatformManager@c7c5ef]
[19:23:58] [Server thread/INFO]: [WorldEdit] Enabling WorldEdit v7.0.1;61bc012
[19:23:58] [Server thread/INFO]: WEPIF: Using the Bukkit Permissions API.
[19:23:58] [Server thread/INFO]: Using com.sk89q.worldedit.bukkit.adapter.impl.Spigot_v1_14_R1 as the Bukkit adapter
[19:23:58] [Server thread/WARN]: Unknown block: minecraft:sign[rotation=0]
[19:23:58] [Server thread/WARN]: Unknown block: minecraft:sign[rotation=1]
[19:23:58] [Server thread/WARN]: Unknown block: minecraft:sign[rotation=2]
[19:23:58] [Server thread/WARN]: Unknown block: minecraft:sign[rotation=3]
[19:23:58] [Server thread/WARN]: Unknown block: minecraft:sign[rotation=4]
[19:23:58] [Server thread/WARN]: Unknown block: minecraft:sign[rotation=5]
[19:23:58] [Server thread/WARN]: Unknown block: minecraft:sign[rotation=6]
[19:23:58] [Server thread/WARN]: Unknown block: minecraft:sign[rotation=7]
[19:23:58] [Server thread/WARN]: Unknown block: minecraft:sign[rotation=8]
[19:23:58] [Server thread/WARN]: Unknown block: minecraft:sign[rotation=9]
[19:23:58] [Server thread/WARN]: Unknown block: minecraft:sign[rotation=10]
[19:23:58] [Server thread/WARN]: Unknown block: minecraft:sign[rotation=11]
[19:23:58] [Server thread/WARN]: Unknown block: minecraft:sign[rotation=12]
[19:23:58] [Server thread/WARN]: Unknown block: minecraft:sign[rotation=13]
[19:23:58] [Server thread/WARN]: Unknown block: minecraft:sign[rotation=14]
[19:23:58] [Server thread/WARN]: Unknown block: minecraft:sign[rotation=15]
[19:23:58] [Server thread/WARN]: Unknown block: minecraft:wall_sign[facing=north]
[19:23:58] [Server thread/WARN]: Unknown block: minecraft:wall_sign[facing=south]
[19:23:58] [Server thread/WARN]: Unknown block: minecraft:wall_sign[facing=west]
[19:23:58] [Server thread/WARN]: Unknown block: minecraft:wall_sign[facing=east]
[19:23:58] [Server thread/WARN]: Unknown item: minecraft:sign
[19:23:58] [Server thread/WARN]: Unknown item: minecraft:rose_red
[19:23:58] [Server thread/WARN]: Unknown item: minecraft:cactus_green
[19:23:58] [Server thread/WARN]: Unknown item: minecraft:dandelion_yellow
[19:23:59] [Server thread/WARN]: [WorldEdit] ====================================================
[19:23:59] [Server thread/WARN]: [WorldEdit]  WorldEdit works better if you use Paper 
[19:23:59] [Server thread/WARN]: [WorldEdit]  as your server software. 
[19:23:59] [Server thread/WARN]: [WorldEdit]   
[19:23:59] [Server thread/WARN]: [WorldEdit]  Paper offers significant performance improvements,
[19:23:59] [Server thread/WARN]: [WorldEdit]  bug fixes, security enhancements and optional
[19:23:59] [Server thread/WARN]: [WorldEdit]  features for server owners to enhance their server.
[19:23:59] [Server thread/WARN]: [WorldEdit]   
[19:23:59] [Server thread/WARN]: [WorldEdit]  Paper includes Timings v2, which is significantly
[19:23:59] [Server thread/WARN]: [WorldEdit]  better at diagnosing lag problems over v1.
[19:23:59] [Server thread/WARN]: [WorldEdit]   
[19:23:59] [Server thread/WARN]: [WorldEdit]  All of your plugins should still work, and the
[19:23:59] [Server thread/WARN]: [WorldEdit]  Paper community will gladly help you fix any issues.
[19:23:59] [Server thread/WARN]: [WorldEdit]   
[19:23:59] [Server thread/WARN]: [WorldEdit]  Join the Paper Community @ https://papermc.io
[19:23:59] [Server thread/WARN]: [WorldEdit] ====================================================
[19:23:59] [Server thread/INFO]: Preparing level "spig114"
[19:23:59] [Server thread/INFO]: Found new data pack file/bukkit, loading it automatically
[19:23:59] [Server thread/INFO]: Found new data pack vanilla, loading it automatically
[19:23:59] [Server thread/INFO]: Reloading ResourceManager: Default, bukkit
[19:23:59] [Server thread/INFO]: Loaded 6 recipes
[19:24:01] [Server thread/INFO]: -------- World Settings For [spig114] --------
[19:24:01] [Server thread/INFO]: View Distance: 10
[19:24:01] [Server thread/INFO]: Allow Zombie Pigmen to spawn from portal blocks: true
[19:24:01] [Server thread/INFO]: Item Despawn Rate: 6000
[19:24:01] [Server thread/INFO]: Item Merge Radius: 2.5
[19:24:01] [Server thread/INFO]: Arrow Despawn Rate: 1200
[19:24:01] [Server thread/INFO]: Zombie Aggressive Towards Villager: true
[19:24:01] [Server thread/INFO]: Nerfing mobs spawned from spawners: false
[19:24:01] [Server thread/INFO]: Custom Map Seeds:  Village: 10387312 Desert: 14357617 Igloo: 14357618 Jungle: 14357619 Swamp: 14357620 Monument: 10387313Ocean: 14357621 Shipwreck: 165745295 Slime: 987234911
[19:24:01] [Server thread/INFO]: Experience Merge Radius: 3.0
[19:24:01] [Server thread/INFO]: Hopper Transfer: 8 Hopper Check: 1 Hopper Amount: 1
[19:24:01] [Server thread/INFO]: Mob Spawn Range: 6
[19:24:01] [Server thread/INFO]: Entity Activation Range: An 32 / Mo 32 / Mi 16 / Tiv true
[19:24:01] [Server thread/INFO]: Cactus Growth Modifier: 100%
[19:24:01] [Server thread/INFO]: Cane Growth Modifier: 100%
[19:24:01] [Server thread/INFO]: Melon Growth Modifier: 100%
[19:24:01] [Server thread/INFO]: Mushroom Growth Modifier: 100%
[19:24:01] [Server thread/INFO]: Pumpkin Growth Modifier: 100%
[19:24:01] [Server thread/INFO]: Sapling Growth Modifier: 100%
[19:24:01] [Server thread/INFO]: Beetroot Growth Modifier: 100%
[19:24:01] [Server thread/INFO]: Carrot Growth Modifier: 100%
[19:24:01] [Server thread/INFO]: Potato Growth Modifier: 100%
[19:24:01] [Server thread/INFO]: Wheat Growth Modifier: 100%
[19:24:01] [Server thread/INFO]: NetherWart Growth Modifier: 100%
[19:24:01] [Server thread/INFO]: Vine Growth Modifier: 100%
[19:24:01] [Server thread/INFO]: Cocoa Growth Modifier: 100%
[19:24:01] [Server thread/INFO]: Entity Tracking Range: Pl 48 / An 48 / Mo 48 / Mi 32 / Other 64
[19:24:01] [Server thread/INFO]: Max TNT Explosions: 100
[19:24:01] [Server thread/INFO]: Tile Max Tick Time: 50ms Entity max Tick Time: 50ms
[19:24:04] [Server thread/INFO]: Registering commands with com.sk89q.worldedit.bukkit.BukkitServerInterface
[19:24:04] [Server thread/INFO]: -------- World Settings For [spig114_nether] --------
[19:24:04] [Server thread/INFO]: View Distance: 10
[19:24:04] [Server thread/INFO]: Allow Zombie Pigmen to spawn from portal blocks: true
[19:24:04] [Server thread/INFO]: Item Despawn Rate: 6000
[19:24:04] [Server thread/INFO]: Item Merge Radius: 2.5
[19:24:04] [Server thread/INFO]: Arrow Despawn Rate: 1200
[19:24:04] [Server thread/INFO]: Zombie Aggressive Towards Villager: true
[19:24:04] [Server thread/INFO]: Nerfing mobs spawned from spawners: false
[19:24:04] [Server thread/INFO]: Custom Map Seeds:  Village: 10387312 Desert: 14357617 Igloo: 14357618 Jungle: 14357619 Swamp: 14357620 Monument: 10387313Ocean: 14357621 Shipwreck: 165745295 Slime: 987234911
[19:24:04] [Server thread/INFO]: Experience Merge Radius: 3.0
[19:24:04] [Server thread/INFO]: Hopper Transfer: 8 Hopper Check: 1 Hopper Amount: 1
[19:24:04] [Server thread/INFO]: Mob Spawn Range: 6
[19:24:04] [Server thread/INFO]: Entity Activation Range: An 32 / Mo 32 / Mi 16 / Tiv true
[19:24:04] [Server thread/INFO]: Cactus Growth Modifier: 100%
[19:24:04] [Server thread/INFO]: Cane Growth Modifier: 100%
[19:24:04] [Server thread/INFO]: Melon Growth Modifier: 100%
[19:24:04] [Server thread/INFO]: Mushroom Growth Modifier: 100%
[19:24:04] [Server thread/INFO]: Pumpkin Growth Modifier: 100%
[19:24:04] [Server thread/INFO]: Sapling Growth Modifier: 100%
[19:24:04] [Server thread/INFO]: Beetroot Growth Modifier: 100%
[19:24:04] [Server thread/INFO]: Carrot Growth Modifier: 100%
[19:24:04] [Server thread/INFO]: Potato Growth Modifier: 100%
[19:24:04] [Server thread/INFO]: Wheat Growth Modifier: 100%
[19:24:04] [Server thread/INFO]: NetherWart Growth Modifier: 100%
[19:24:04] [Server thread/INFO]: Vine Growth Modifier: 100%
[19:24:04] [Server thread/INFO]: Cocoa Growth Modifier: 100%
[19:24:04] [Server thread/INFO]: Entity Tracking Range: Pl 48 / An 48 / Mo 48 / Mi 32 / Other 64
[19:24:04] [Server thread/INFO]: Max TNT Explosions: 100
[19:24:04] [Server thread/INFO]: Tile Max Tick Time: 50ms Entity max Tick Time: 50ms
[19:24:04] [Server thread/INFO]: -------- World Settings For [spig114_the_end] --------
[19:24:04] [Server thread/INFO]: View Distance: 10
[19:24:04] [Server thread/INFO]: Allow Zombie Pigmen to spawn from portal blocks: true
[19:24:04] [Server thread/INFO]: Item Despawn Rate: 6000
[19:24:04] [Server thread/INFO]: Item Merge Radius: 2.5
[19:24:04] [Server thread/INFO]: Arrow Despawn Rate: 1200
[19:24:04] [Server thread/INFO]: Zombie Aggressive Towards Villager: true
[19:24:04] [Server thread/INFO]: Nerfing mobs spawned from spawners: false
[19:24:04] [Server thread/INFO]: Custom Map Seeds:  Village: 10387312 Desert: 14357617 Igloo: 14357618 Jungle: 14357619 Swamp: 14357620 Monument: 10387313Ocean: 14357621 Shipwreck: 165745295 Slime: 987234911
[19:24:04] [Server thread/INFO]: Experience Merge Radius: 3.0
[19:24:04] [Server thread/INFO]: Hopper Transfer: 8 Hopper Check: 1 Hopper Amount: 1
[19:24:04] [Server thread/INFO]: Mob Spawn Range: 6
[19:24:04] [Server thread/INFO]: Entity Activation Range: An 32 / Mo 32 / Mi 16 / Tiv true
[19:24:04] [Server thread/INFO]: Cactus Growth Modifier: 100%
[19:24:04] [Server thread/INFO]: Cane Growth Modifier: 100%
[19:24:04] [Server thread/INFO]: Melon Growth Modifier: 100%
[19:24:04] [Server thread/INFO]: Mushroom Growth Modifier: 100%
[19:24:04] [Server thread/INFO]: Pumpkin Growth Modifier: 100%
[19:24:04] [Server thread/INFO]: Sapling Growth Modifier: 100%
[19:24:04] [Server thread/INFO]: Beetroot Growth Modifier: 100%
[19:24:04] [Server thread/INFO]: Carrot Growth Modifier: 100%
[19:24:04] [Server thread/INFO]: Potato Growth Modifier: 100%
[19:24:04] [Server thread/INFO]: Wheat Growth Modifier: 100%
[19:24:04] [Server thread/INFO]: NetherWart Growth Modifier: 100%
[19:24:04] [Server thread/INFO]: Vine Growth Modifier: 100%
[19:24:04] [Server thread/INFO]: Cocoa Growth Modifier: 100%
[19:24:04] [Server thread/INFO]: Entity Tracking Range: Pl 48 / An 48 / Mo 48 / Mi 32 / Other 64
[19:24:04] [Server thread/INFO]: Max TNT Explosions: 100
[19:24:04] [Server thread/INFO]: Tile Max Tick Time: 50ms Entity max Tick Time: 50ms
[19:24:04] [Server thread/INFO]: Preparing start region for dimension 'spig114'/minecraft:overworld
[19:24:04] [Server-Worker-5/INFO]: Preparing spawn area: 0%
[19:24:04] [Server-Worker-2/INFO]: Preparing spawn area: 0%
[19:24:05] [Server-Worker-1/INFO]: Preparing spawn area: 1%
[19:24:05] [Server-Worker-3/INFO]: Preparing spawn area: 1%
[19:24:06] [Server-Worker-4/INFO]: Preparing spawn area: 4%
[19:24:06] [Server-Worker-7/INFO]: Preparing spawn area: 5%
[19:24:07] [Server-Worker-6/INFO]: Preparing spawn area: 6%
[19:24:07] [Server-Worker-3/INFO]: Preparing spawn area: 6%
[19:24:08] [Server-Worker-5/INFO]: Preparing spawn area: 6%
[19:24:08] [Server-Worker-2/INFO]: Preparing spawn area: 10%
[19:24:09] [Server-Worker-7/INFO]: Preparing spawn area: 12%
[19:24:09] [Server-Worker-4/INFO]: Preparing spawn area: 12%
[19:24:10] [Server-Worker-3/INFO]: Preparing spawn area: 12%
[19:24:10] [Server-Worker-7/INFO]: Preparing spawn area: 16%
[19:24:11] [Server-Worker-1/INFO]: Preparing spawn area: 17%
[19:24:11] [Server-Worker-3/INFO]: Preparing spawn area: 17%
[19:24:12] [Server-Worker-2/INFO]: Preparing spawn area: 19%
[19:24:12] [Server-Worker-1/INFO]: Preparing spawn area: 19%
[19:24:13] [Server-Worker-2/INFO]: Preparing spawn area: 19%
[19:24:13] [Server-Worker-2/INFO]: Preparing spawn area: 24%
[19:24:14] [Server-Worker-1/INFO]: Preparing spawn area: 24%
[19:24:14] [Server-Worker-7/INFO]: Preparing spawn area: 26%
[19:24:15] [Server-Worker-4/INFO]: Preparing spawn area: 26%
[19:24:15] [Server-Worker-7/INFO]: Preparing spawn area: 29%
[19:24:16] [Server-Worker-1/INFO]: Preparing spawn area: 29%
[19:24:16] [Server-Worker-3/INFO]: Preparing spawn area: 29%
[19:24:17] [Server-Worker-7/INFO]: Preparing spawn area: 33%
[19:24:17] [Server-Worker-7/INFO]: Preparing spawn area: 33%
[19:24:19] [Server-Worker-4/INFO]: Preparing spawn area: 36%
[19:24:19] [Server-Worker-5/INFO]: Preparing spawn area: 36%
[19:24:19] [Server-Worker-5/INFO]: Preparing spawn area: 36%
[19:24:20] [Server-Worker-1/INFO]: Preparing spawn area: 40%
[19:24:20] [Server-Worker-2/INFO]: Preparing spawn area: 42%
[19:24:20] [Server-Worker-2/INFO]: Preparing spawn area: 43%
[19:24:21] [Server-Worker-1/INFO]: Preparing spawn area: 45%
[19:24:21] [Server-Worker-7/INFO]: Preparing spawn area: 46%
[19:24:22] [Server-Worker-6/INFO]: Preparing spawn area: 47%
[19:24:22] [Server-Worker-2/INFO]: Preparing spawn area: 48%
[19:24:23] [Server-Worker-4/INFO]: Preparing spawn area: 51%
[19:24:25] [Server-Worker-2/INFO]: Preparing spawn area: 51%
[19:24:25] [Server-Worker-6/INFO]: Preparing spawn area: 51%
[19:24:25] [Server-Worker-2/INFO]: Preparing spawn area: 51%
[19:24:25] [Server-Worker-5/INFO]: Preparing spawn area: 57%
[19:24:25] [Server-Worker-1/INFO]: Preparing spawn area: 58%
[19:24:27] [Server-Worker-3/INFO]: Preparing spawn area: 59%
[19:24:27] [Server-Worker-7/INFO]: Preparing spawn area: 59%
[19:24:27] [Server-Worker-7/INFO]: Preparing spawn area: 59%
[19:24:27] [Server-Worker-7/INFO]: Preparing spawn area: 65%
[19:24:29] [Server-Worker-1/INFO]: Preparing spawn area: 66%
[19:24:29] [Server-Worker-1/INFO]: Preparing spawn area: 66%
[19:24:29] [Server-Worker-7/INFO]: Preparing spawn area: 70%
[19:24:29] [Server-Worker-2/INFO]: Preparing spawn area: 71%
[19:24:30] [Server-Worker-6/INFO]: Preparing spawn area: 72%
[19:24:30] [Server-Worker-4/INFO]: Preparing spawn area: 73%
[19:24:32] [Server-Worker-7/INFO]: Preparing spawn area: 75%
[19:24:32] [Server-Worker-7/INFO]: Preparing spawn area: 75%
[19:24:32] [Server-Worker-7/INFO]: Preparing spawn area: 80%
[19:24:33] [Server-Worker-1/INFO]: Preparing spawn area: 81%
[19:24:33] [Server-Worker-7/INFO]: Preparing spawn area: 81%
[19:24:33] [Server-Worker-7/INFO]: Preparing spawn area: 81%
[19:24:34] [Server-Worker-6/INFO]: Preparing spawn area: 85%
[19:24:34] [Server-Worker-4/INFO]: Preparing spawn area: 86%
[19:24:35] [Server-Worker-7/INFO]: Preparing spawn area: 87%
[19:24:35] [Server-Worker-1/INFO]: Preparing spawn area: 89%
[19:24:36] [Server-Worker-3/INFO]: Preparing spawn area: 90%
[19:24:36] [Server-Worker-5/INFO]: Preparing spawn area: 92%
[19:24:37] [Server-Worker-3/INFO]: Preparing spawn area: 93%
[19:24:37] [Server-Worker-7/INFO]: Preparing spawn area: 93%
[19:24:39] [Server-Worker-2/INFO]: Preparing spawn area: 98%
[19:24:39] [Server-Worker-2/INFO]: Preparing spawn area: 98%
[19:24:39] [Server thread/INFO]: Time elapsed: 34699 ms
[19:24:39] [Server thread/INFO]: Preparing start region for dimension 'spig114_nether'/minecraft:the_nether
[19:24:39] [Server-Worker-3/INFO]: Preparing spawn area: 0%
[19:24:39] [Server-Worker-1/INFO]: Preparing spawn area: 0%
[19:24:40] [Server-Worker-4/INFO]: Preparing spawn area: 0%
[19:24:40] [Server-Worker-5/INFO]: Preparing spawn area: 0%
[19:24:41] [Server-Worker-6/INFO]: Preparing spawn area: 0%
[19:24:41] [Server-Worker-1/INFO]: Preparing spawn area: 3%
[19:24:42] [Server-Worker-5/INFO]: Preparing spawn area: 5%
[19:24:42] [Server-Worker-4/INFO]: Preparing spawn area: 9%
[19:24:43] [Server-Worker-7/INFO]: Preparing spawn area: 9%
[19:24:43] [Server-Worker-6/INFO]: Preparing spawn area: 18%
[19:24:44] [Server-Worker-2/INFO]: Preparing spawn area: 26%
[19:24:44] [Server-Worker-2/INFO]: Preparing spawn area: 26%
[19:24:45] [Server-Worker-5/INFO]: Preparing spawn area: 36%
[19:24:45] [Server-Worker-5/INFO]: Preparing spawn area: 36%
[19:24:46] [Server-Worker-3/INFO]: Preparing spawn area: 43%
[19:24:46] [Server-Worker-3/INFO]: Preparing spawn area: 47%
[19:24:47] [Server-Worker-7/INFO]: Preparing spawn area: 50%
[19:24:47] [Server-Worker-3/INFO]: Preparing spawn area: 55%
[19:24:48] [Server-Worker-5/INFO]: Preparing spawn area: 58%
[19:24:48] [Server-Worker-7/INFO]: Preparing spawn area: 58%
[19:24:49] [Server-Worker-3/INFO]: Preparing spawn area: 65%
[19:24:49] [Server-Worker-5/INFO]: Preparing spawn area: 74%
[19:24:50] [Server-Worker-7/INFO]: Preparing spawn area: 77%
[19:24:50] [Server-Worker-3/INFO]: Preparing spawn area: 82%
[19:24:51] [Server-Worker-5/INFO]: Preparing spawn area: 87%
[19:24:51] [Server-Worker-5/INFO]: Preparing spawn area: 92%
[19:24:52] [Server-Worker-7/INFO]: Preparing spawn area: 93%
[19:24:52] [Server thread/INFO]: Time elapsed: 13500 ms
[19:24:52] [Server thread/INFO]: Preparing start region for dimension 'spig114_the_end'/minecraft:the_end
[19:24:52] [Server-Worker-7/INFO]: Preparing spawn area: 0%
[19:24:53] [Server-Worker-1/INFO]: Preparing spawn area: 0%
[19:24:53] [Server-Worker-1/INFO]: Preparing spawn area: 0%
[19:24:54] [Server-Worker-1/INFO]: Preparing spawn area: 0%
[19:24:54] [Server-Worker-5/INFO]: Preparing spawn area: 3%
[19:24:55] [Server-Worker-4/INFO]: Preparing spawn area: 16%
[19:24:55] [Server-Worker-7/INFO]: Preparing spawn area: 41%
[19:24:56] [Server-Worker-1/INFO]: Preparing spawn area: 72%
[19:24:56] [Server thread/INFO]: Time elapsed: 3872 ms
[19:24:56] [Server thread/INFO]: Server permissions file permissions.yml is empty, ignoring it
[19:24:56] [Server thread/INFO]: Done (57.504s)! For help, type "help"
[19:25:08] [User Authenticator #1/INFO]: UUID of player Psythis is 511e98a3-3395-4190-b0dc-0ee33135834f
[19:25:09] [Server thread/INFO]: Psythis[/127.0.0.1:55239] logged in with entity id 501 at ([spig114]-70.5, 72.0, 105.5)
[19:25:16] [Server thread/INFO]: Psythis issued server command: /gamemode creative
[19:25:16] [Server thread/INFO]: [Psythis: Set own game mode to Creative Mode]
[19:25:18] [Server thread/INFO]: Psythis issued server command: /op
[19:25:19] [Server thread/INFO]: Psythis issued server command: /list
[19:25:23] [Server thread/INFO]: Psythis issued server command: /listchunks
[19:25:27] [Server thread/INFO]: Psythis issued server command: /chunkinfo
[19:25:30] [Server thread/INFO]: Psythis issued server command: //chunk
[19:25:33] [Server thread/INFO]: Psythis issued server command: /chunkinfo
[19:25:35] [Server thread/INFO]: Psythis issued server command: /listchunks
[19:25:50] [Server thread/INFO]: Psythis issued server command: /selwand
[19:26:15] [Server thread/INFO]: Psythis issued server command: //naturalize
[19:26:19] [Server thread/INFO]: Psythis issued server command: //help
[19:26:25] [Server thread/INFO]: Psythis issued server command: //help -s -p 2
[19:26:38] [Server thread/INFO]: Psythis issued server command: //chunk
[19:27:06] [Server thread/INFO]: Psythis issued server command: /listchunks
[19:27:11] [Server thread/INFO]: Psythis issued server command: //brush
[19:30:04] [Server thread/WARN]: Can't keep up! Is the server overloaded? Running 8262ms or 165 ticks behind
[19:31:46] [Server thread/INFO]: Stopping the server
[19:31:46] [Server thread/INFO]: Stopping server
[19:31:46] [Server thread/INFO]: [WorldEdit] Disabling WorldEdit v7.0.1;61bc012
[19:31:46] [Server thread/INFO]: Unregistering com.sk89q.worldedit.bukkit.BukkitServerInterface from WorldEdit
[19:31:46] [Server thread/INFO]: Saving players
[19:31:46] [Server thread/INFO]: Psythis lost connection: Server closed
[19:31:46] [Server thread/INFO]: Psythis left the game
[19:31:46] [Server thread/INFO]: Saving worlds
[19:31:46] [Server thread/INFO]: Saving chunks for level 'spig114'/minecraft:overworld
[19:31:47] [Server thread/INFO]: ThreadedAnvilChunkStorage (spig114): All chunks are saved
[19:31:47] [Server thread/INFO]: Saving chunks for level 'spig114_nether'/minecraft:the_nether
[19:31:47] [Server thread/INFO]: ThreadedAnvilChunkStorage (DIM-1): All chunks are saved
[19:31:47] [Server thread/INFO]: Saving chunks for level 'spig114_the_end'/minecraft:the_end
[19:31:47] [Server thread/INFO]: ThreadedAnvilChunkStorage (DIM1): All chunks are saved
[19:31:47] [Server thread/INFO]: ThreadedAnvilChunkStorage (spig114): All chunks are saved
[19:31:47] [Server thread/INFO]: ThreadedAnvilChunkStorage (spig114): All chunks are saved
[19:31:47] [Server thread/INFO]: ThreadedAnvilChunkStorage (DIM-1): All chunks are saved
[19:31:47] [Server thread/INFO]: ThreadedAnvilChunkStorage (DIM-1): All chunks are saved
[19:31:47] [Server thread/INFO]: ThreadedAnvilChunkStorage (DIM1): All chunks are saved
[19:31:47] [Server thread/INFO]: ThreadedAnvilChunkStorage (DIM1): All chunks are saved
